The target system is: Generic -  - wasm
The host system is: Linux - 4.15.0-1054-aws - x86_64
Compiling the C compiler identification source file "CMakeCCompilerId.c" succeeded.
Compiler: /usr/local/alaio.cdt/bin/alaio-cc 
Build flags: ;-O3;
Id flags:  

The output was:
0
/usr/local/alaio.cdt/bin/wasm-ld: error: undefined symbol: apply


Compilation of the C compiler identification source "CMakeCCompilerId.c" produced "a.out"

The C compiler identification is Clang, found in "/home/ubuntu/contracts/build/contracts/CMakeFiles/3.10.2/CompilerIdC/a.out"

Compiling the CXX compiler identification source file "CMakeCXXCompilerId.cpp" succeeded.
Compiler: /usr/local/alaio.cdt/bin/alaio-cpp 
Build flags: ;-O3;
Id flags:  

The output was:
0
/usr/local/alaio.cdt/bin/wasm-ld: error: undefined symbol: apply


Compilation of the CXX compiler identification source "CMakeCXXCompilerId.cpp" produced "a.out"

The CXX compiler identification is Clang, found in "/home/ubuntu/contracts/build/contracts/CMakeFiles/3.10.2/CompilerIdCXX/a.out"

